2014/07/10 17:08:53 [trace] [system.CModule] Loading "log" application component
in D:\GitHub\yii_1\trackstar\index.php (13)
2014/07/10 17:08:53 [trace] [system.CModule] Loading "request" application component
in D:\GitHub\yii_1\trackstar\index.php (13)
2014/07/10 17:08:53 [trace] [system.CModule] Loading "urlManager" application component
in D:\GitHub\yii_1\trackstar\index.php (13)
2014/07/10 17:08:53 [trace] [system.CModule] Loading "cache" application component
in D:\GitHub\yii_1\trackstar\index.php (13)
2014/07/10 17:08:53 [trace] [system.caching.CFileCache] Serving "Yii.CUrlManager.rules" from cache
in D:\GitHub\yii_1\trackstar\index.php (13)
2014/07/10 17:08:53 [trace] [system.web.filters.CFilterChain] Running filter ProjectController.filteraccessControl()
in D:\GitHub\yii_1\trackstar\index.php (13)
2014/07/10 17:08:53 [trace] [system.CModule] Loading "user" application component
in D:\GitHub\yii_1\trackstar\index.php (13)
2014/07/10 17:08:53 [trace] [system.CModule] Loading "session" application component
in D:\GitHub\yii_1\trackstar\index.php (13)
2014/07/10 17:08:53 [trace] [system.CModule] Loading "db" application component
in D:\GitHub\yii_1\trackstar\protected\controllers\ProjectController.php (155)
in D:\GitHub\yii_1\trackstar\index.php (13)
2014/07/10 17:08:53 [trace] [system.db.CDbConnection] Opening DB connection
in D:\GitHub\yii_1\trackstar\protected\controllers\ProjectController.php (155)
in D:\GitHub\yii_1\trackstar\index.php (13)
2014/07/10 17:08:53 [trace] [system.db.CDbCommand] Querying SQL: SHOW FULL COLUMNS FROM `tbl_project`
in D:\GitHub\yii_1\trackstar\protected\controllers\ProjectController.php (155)
in D:\GitHub\yii_1\trackstar\index.php (13)
2014/07/10 17:08:53 [trace] [system.db.CDbCommand] Querying SQL: SHOW CREATE TABLE `tbl_project`
in D:\GitHub\yii_1\trackstar\protected\controllers\ProjectController.php (155)
in D:\GitHub\yii_1\trackstar\index.php (13)
2014/07/10 17:08:53 [trace] [system.CModule] Loading "clientScript" application component
in D:\GitHub\yii_1\trackstar\protected\controllers\ProjectController.php (159)
in D:\GitHub\yii_1\trackstar\index.php (13)
2014/07/10 17:08:53 [trace] [system.db.CDbCommand] Querying SQL: select id from tbl_sys_message order by update_time desc
in D:\GitHub\yii_1\trackstar\protected\modules\admin\models\SysMessage.php (105)
in D:\GitHub\yii_1\trackstar\protected\controllers\ProjectController.php (172)
in D:\GitHub\yii_1\trackstar\index.php (13)
2014/07/10 17:08:53 [trace] [system.caching.CFileCache] Serving "Trackstar.ProjectListing.SystemMessage" from cache
in D:\GitHub\yii_1\trackstar\protected\modules\admin\models\SysMessage.php (105)
in D:\GitHub\yii_1\trackstar\protected\controllers\ProjectController.php (172)
in D:\GitHub\yii_1\trackstar\index.php (13)
2014/07/10 17:08:53 [trace] [system.CModule] Loading "themeManager" application component
in D:\GitHub\yii_1\trackstar\protected\controllers\ProjectController.php (183)
in D:\GitHub\yii_1\trackstar\index.php (13)
2014/07/10 17:08:53 [trace] [system.CModule] Loading "widgetFactory" application component
in D:\GitHub\yii_1\trackstar\protected\views\project\index.php (33)
in D:\GitHub\yii_1\trackstar\protected\controllers\ProjectController.php (183)
in D:\GitHub\yii_1\trackstar\index.php (13)
2014/07/10 17:08:53 [trace] [system.db.ar.CActiveRecord] Project.count()
in D:\GitHub\yii_1\trackstar\protected\views\project\index.php (33)
in D:\GitHub\yii_1\trackstar\protected\controllers\ProjectController.php (183)
in D:\GitHub\yii_1\trackstar\index.php (13)
2014/07/10 17:08:53 [trace] [system.db.CDbCommand] Querying SQL: SELECT COUNT(*) FROM `tbl_project` `t`
in D:\GitHub\yii_1\trackstar\protected\views\project\index.php (33)
in D:\GitHub\yii_1\trackstar\protected\controllers\ProjectController.php (183)
in D:\GitHub\yii_1\trackstar\index.php (13)
2014/07/10 17:08:53 [trace] [system.db.ar.CActiveRecord] Project.findAll()
in D:\GitHub\yii_1\trackstar\protected\views\project\index.php (33)
in D:\GitHub\yii_1\trackstar\protected\controllers\ProjectController.php (183)
in D:\GitHub\yii_1\trackstar\index.php (13)
2014/07/10 17:08:53 [trace] [system.db.CDbCommand] Querying SQL: SELECT * FROM `tbl_project` `t` LIMIT 10
in D:\GitHub\yii_1\trackstar\protected\views\project\index.php (33)
in D:\GitHub\yii_1\trackstar\protected\controllers\ProjectController.php (183)
in D:\GitHub\yii_1\trackstar\index.php (13)
2014/07/10 17:08:53 [trace] [system.CModule] Loading "assetManager" application component
in D:\GitHub\yii_1\trackstar\protected\views\project\index.php (33)
in D:\GitHub\yii_1\trackstar\protected\controllers\ProjectController.php (183)
in D:\GitHub\yii_1\trackstar\index.php (13)
2014/07/10 17:08:53 [trace] [system.CModule] Loading "coreMessages" application component
in D:\GitHub\yii_1\trackstar\protected\views\project\index.php (33)
in D:\GitHub\yii_1\trackstar\protected\controllers\ProjectController.php (183)
in D:\GitHub\yii_1\trackstar\index.php (13)
2014/07/10 17:08:53 [trace] [system.db.CDbCommand] Querying SQL: SHOW FULL COLUMNS FROM `tbl_user`
in D:\GitHub\yii_1\trackstar\protected\models\User.php (35)
in D:\GitHub\yii_1\trackstar\protected\views\project\_view.php (26)
in D:\GitHub\yii_1\trackstar\protected\views\project\index.php (33)
2014/07/10 17:08:53 [trace] [system.db.CDbCommand] Querying SQL: SHOW CREATE TABLE `tbl_user`
in D:\GitHub\yii_1\trackstar\protected\models\User.php (35)
in D:\GitHub\yii_1\trackstar\protected\views\project\_view.php (26)
in D:\GitHub\yii_1\trackstar\protected\views\project\index.php (33)
2014/07/10 17:08:53 [trace] [system.db.ar.CActiveRecord] User.findAll()
in D:\GitHub\yii_1\trackstar\protected\models\User.php (142)
in D:\GitHub\yii_1\trackstar\protected\views\project\_view.php (26)
in D:\GitHub\yii_1\trackstar\protected\views\project\index.php (33)
2014/07/10 17:08:53 [trace] [system.db.CDbCommand] Querying SQL: SELECT * FROM `tbl_user` `t`
in D:\GitHub\yii_1\trackstar\protected\models\User.php (142)
in D:\GitHub\yii_1\trackstar\protected\views\project\_view.php (26)
in D:\GitHub\yii_1\trackstar\protected\views\project\index.php (33)
2014/07/10 17:08:53 [trace] [system.db.ar.CActiveRecord] User.findAll()
in D:\GitHub\yii_1\trackstar\protected\models\User.php (142)
in D:\GitHub\yii_1\trackstar\protected\views\project\_view.php (34)
in D:\GitHub\yii_1\trackstar\protected\views\project\index.php (33)
2014/07/10 17:08:53 [trace] [system.db.CDbCommand] Querying SQL: SELECT * FROM `tbl_user` `t`
in D:\GitHub\yii_1\trackstar\protected\models\User.php (142)
in D:\GitHub\yii_1\trackstar\protected\views\project\_view.php (34)
in D:\GitHub\yii_1\trackstar\protected\views\project\index.php (33)
2014/07/10 17:08:53 [trace] [system.db.ar.CActiveRecord] User.findAll()
in D:\GitHub\yii_1\trackstar\protected\models\User.php (142)
in D:\GitHub\yii_1\trackstar\protected\views\project\_view.php (26)
in D:\GitHub\yii_1\trackstar\protected\views\project\index.php (33)
2014/07/10 17:08:53 [trace] [system.db.CDbCommand] Querying SQL: SELECT * FROM `tbl_user` `t`
in D:\GitHub\yii_1\trackstar\protected\models\User.php (142)
in D:\GitHub\yii_1\trackstar\protected\views\project\_view.php (26)
in D:\GitHub\yii_1\trackstar\protected\views\project\index.php (33)
2014/07/10 17:08:53 [trace] [system.db.ar.CActiveRecord] User.findAll()
in D:\GitHub\yii_1\trackstar\protected\models\User.php (142)
in D:\GitHub\yii_1\trackstar\protected\views\project\_view.php (34)
in D:\GitHub\yii_1\trackstar\protected\views\project\index.php (33)
2014/07/10 17:08:53 [trace] [system.db.CDbCommand] Querying SQL: SELECT * FROM `tbl_user` `t`
in D:\GitHub\yii_1\trackstar\protected\models\User.php (142)
in D:\GitHub\yii_1\trackstar\protected\views\project\_view.php (34)
in D:\GitHub\yii_1\trackstar\protected\views\project\index.php (33)
2014/07/10 17:08:53 [trace] [system.db.ar.CActiveRecord] User.findAll()
in D:\GitHub\yii_1\trackstar\protected\models\User.php (142)
in D:\GitHub\yii_1\trackstar\protected\views\project\_view.php (26)
in D:\GitHub\yii_1\trackstar\protected\views\project\index.php (33)
2014/07/10 17:08:53 [trace] [system.db.CDbCommand] Querying SQL: SELECT * FROM `tbl_user` `t`
in D:\GitHub\yii_1\trackstar\protected\models\User.php (142)
in D:\GitHub\yii_1\trackstar\protected\views\project\_view.php (26)
in D:\GitHub\yii_1\trackstar\protected\views\project\index.php (33)
2014/07/10 17:08:53 [trace] [system.db.ar.CActiveRecord] User.findAll()
in D:\GitHub\yii_1\trackstar\protected\models\User.php (142)
in D:\GitHub\yii_1\trackstar\protected\views\project\_view.php (34)
in D:\GitHub\yii_1\trackstar\protected\views\project\index.php (33)
2014/07/10 17:08:53 [trace] [system.db.CDbCommand] Querying SQL: SELECT * FROM `tbl_user` `t`
in D:\GitHub\yii_1\trackstar\protected\models\User.php (142)
in D:\GitHub\yii_1\trackstar\protected\views\project\_view.php (34)
in D:\GitHub\yii_1\trackstar\protected\views\project\index.php (33)
2014/07/10 17:08:53 [trace] [system.db.ar.CActiveRecord] User.findAll()
in D:\GitHub\yii_1\trackstar\protected\models\User.php (142)
in D:\GitHub\yii_1\trackstar\protected\views\project\_view.php (26)
in D:\GitHub\yii_1\trackstar\protected\views\project\index.php (33)
2014/07/10 17:08:53 [trace] [system.db.CDbCommand] Querying SQL: SELECT * FROM `tbl_user` `t`
in D:\GitHub\yii_1\trackstar\protected\models\User.php (142)
in D:\GitHub\yii_1\trackstar\protected\views\project\_view.php (26)
in D:\GitHub\yii_1\trackstar\protected\views\project\index.php (33)
2014/07/10 17:08:53 [trace] [system.db.ar.CActiveRecord] User.findAll()
in D:\GitHub\yii_1\trackstar\protected\models\User.php (142)
in D:\GitHub\yii_1\trackstar\protected\views\project\_view.php (34)
in D:\GitHub\yii_1\trackstar\protected\views\project\index.php (33)
2014/07/10 17:08:53 [trace] [system.db.CDbCommand] Querying SQL: SELECT * FROM `tbl_user` `t`
in D:\GitHub\yii_1\trackstar\protected\models\User.php (142)
in D:\GitHub\yii_1\trackstar\protected\views\project\_view.php (34)
in D:\GitHub\yii_1\trackstar\protected\views\project\index.php (33)
2014/07/10 17:08:53 [trace] [system.db.ar.CActiveRecord] User.findAll()
in D:\GitHub\yii_1\trackstar\protected\models\User.php (142)
in D:\GitHub\yii_1\trackstar\protected\views\project\_view.php (26)
in D:\GitHub\yii_1\trackstar\protected\views\project\index.php (33)
2014/07/10 17:08:53 [trace] [system.db.CDbCommand] Querying SQL: SELECT * FROM `tbl_user` `t`
in D:\GitHub\yii_1\trackstar\protected\models\User.php (142)
in D:\GitHub\yii_1\trackstar\protected\views\project\_view.php (26)
in D:\GitHub\yii_1\trackstar\protected\views\project\index.php (33)
2014/07/10 17:08:53 [trace] [system.db.ar.CActiveRecord] User.findAll()
in D:\GitHub\yii_1\trackstar\protected\models\User.php (142)
in D:\GitHub\yii_1\trackstar\protected\views\project\_view.php (34)
in D:\GitHub\yii_1\trackstar\protected\views\project\index.php (33)
2014/07/10 17:08:53 [trace] [system.db.CDbCommand] Querying SQL: SELECT * FROM `tbl_user` `t`
in D:\GitHub\yii_1\trackstar\protected\models\User.php (142)
in D:\GitHub\yii_1\trackstar\protected\views\project\_view.php (34)
in D:\GitHub\yii_1\trackstar\protected\views\project\index.php (33)
2014/07/10 17:08:53 [trace] [system.db.ar.CActiveRecord] User.findAll()
in D:\GitHub\yii_1\trackstar\protected\models\User.php (142)
in D:\GitHub\yii_1\trackstar\protected\views\project\_view.php (26)
in D:\GitHub\yii_1\trackstar\protected\views\project\index.php (33)
2014/07/10 17:08:53 [trace] [system.db.CDbCommand] Querying SQL: SELECT * FROM `tbl_user` `t`
in D:\GitHub\yii_1\trackstar\protected\models\User.php (142)
in D:\GitHub\yii_1\trackstar\protected\views\project\_view.php (26)
in D:\GitHub\yii_1\trackstar\protected\views\project\index.php (33)
2014/07/10 17:08:53 [trace] [system.db.ar.CActiveRecord] User.findAll()
in D:\GitHub\yii_1\trackstar\protected\models\User.php (142)
in D:\GitHub\yii_1\trackstar\protected\views\project\_view.php (34)
in D:\GitHub\yii_1\trackstar\protected\views\project\index.php (33)
2014/07/10 17:08:53 [trace] [system.db.CDbCommand] Querying SQL: SELECT * FROM `tbl_user` `t`
in D:\GitHub\yii_1\trackstar\protected\models\User.php (142)
in D:\GitHub\yii_1\trackstar\protected\views\project\_view.php (34)
in D:\GitHub\yii_1\trackstar\protected\views\project\index.php (33)
2014/07/10 17:08:53 [trace] [system.db.ar.CActiveRecord] User.findAll()
in D:\GitHub\yii_1\trackstar\protected\models\User.php (142)
in D:\GitHub\yii_1\trackstar\protected\views\project\_view.php (26)
in D:\GitHub\yii_1\trackstar\protected\views\project\index.php (33)
2014/07/10 17:08:53 [trace] [system.db.CDbCommand] Querying SQL: SELECT * FROM `tbl_user` `t`
in D:\GitHub\yii_1\trackstar\protected\models\User.php (142)
in D:\GitHub\yii_1\trackstar\protected\views\project\_view.php (26)
in D:\GitHub\yii_1\trackstar\protected\views\project\index.php (33)
2014/07/10 17:08:53 [trace] [system.db.ar.CActiveRecord] User.findAll()
in D:\GitHub\yii_1\trackstar\protected\models\User.php (142)
in D:\GitHub\yii_1\trackstar\protected\views\project\_view.php (34)
in D:\GitHub\yii_1\trackstar\protected\views\project\index.php (33)
2014/07/10 17:08:53 [trace] [system.db.CDbCommand] Querying SQL: SELECT * FROM `tbl_user` `t`
in D:\GitHub\yii_1\trackstar\protected\models\User.php (142)
in D:\GitHub\yii_1\trackstar\protected\views\project\_view.php (34)
in D:\GitHub\yii_1\trackstar\protected\views\project\index.php (33)
2014/07/10 17:08:53 [trace] [system.db.ar.CActiveRecord] User.findAll()
in D:\GitHub\yii_1\trackstar\protected\models\User.php (142)
in D:\GitHub\yii_1\trackstar\protected\views\project\_view.php (26)
in D:\GitHub\yii_1\trackstar\protected\views\project\index.php (33)
2014/07/10 17:08:53 [trace] [system.db.CDbCommand] Querying SQL: SELECT * FROM `tbl_user` `t`
in D:\GitHub\yii_1\trackstar\protected\models\User.php (142)
in D:\GitHub\yii_1\trackstar\protected\views\project\_view.php (26)
in D:\GitHub\yii_1\trackstar\protected\views\project\index.php (33)
2014/07/10 17:08:53 [trace] [system.db.ar.CActiveRecord] User.findAll()
in D:\GitHub\yii_1\trackstar\protected\models\User.php (142)
in D:\GitHub\yii_1\trackstar\protected\views\project\_view.php (34)
in D:\GitHub\yii_1\trackstar\protected\views\project\index.php (33)
2014/07/10 17:08:53 [trace] [system.db.CDbCommand] Querying SQL: SELECT * FROM `tbl_user` `t`
in D:\GitHub\yii_1\trackstar\protected\models\User.php (142)
in D:\GitHub\yii_1\trackstar\protected\views\project\_view.php (34)
in D:\GitHub\yii_1\trackstar\protected\views\project\index.php (33)
2014/07/10 17:08:53 [trace] [system.db.ar.CActiveRecord] User.findAll()
in D:\GitHub\yii_1\trackstar\protected\models\User.php (142)
in D:\GitHub\yii_1\trackstar\protected\views\project\_view.php (26)
in D:\GitHub\yii_1\trackstar\protected\views\project\index.php (33)
2014/07/10 17:08:53 [trace] [system.db.CDbCommand] Querying SQL: SELECT * FROM `tbl_user` `t`
in D:\GitHub\yii_1\trackstar\protected\models\User.php (142)
in D:\GitHub\yii_1\trackstar\protected\views\project\_view.php (26)
in D:\GitHub\yii_1\trackstar\protected\views\project\index.php (33)
2014/07/10 17:08:53 [trace] [system.db.ar.CActiveRecord] User.findAll()
in D:\GitHub\yii_1\trackstar\protected\models\User.php (142)
in D:\GitHub\yii_1\trackstar\protected\views\project\_view.php (34)
in D:\GitHub\yii_1\trackstar\protected\views\project\index.php (33)
2014/07/10 17:08:53 [trace] [system.db.CDbCommand] Querying SQL: SELECT * FROM `tbl_user` `t`
in D:\GitHub\yii_1\trackstar\protected\models\User.php (142)
in D:\GitHub\yii_1\trackstar\protected\views\project\_view.php (34)
in D:\GitHub\yii_1\trackstar\protected\views\project\index.php (33)
2014/07/10 17:08:53 [trace] [system.caching.CFileCache] Serving "Yii.COutputCache.TrackStar.ProjectListing.RecentComments..project/index...." from cache
in D:\GitHub\yii_1\trackstar\protected\views\project\index.php (43)
in D:\GitHub\yii_1\trackstar\protected\controllers\ProjectController.php (183)
in D:\GitHub\yii_1\trackstar\index.php (13)
2014/07/10 17:08:53 [trace] [system.CModule] Loading "authManager" application component
in D:\GitHub\yii_1\trackstar\themes\new\views\layouts\main_p.php (38)
in D:\GitHub\yii_1\trackstar\themes\new\views\layouts\column2_p.php (22)
in D:\GitHub\yii_1\trackstar\protected\controllers\ProjectController.php (183)
2014/07/10 17:08:53 [trace] [system.db.CDbCommand] Querying SQL: SELECT *
FROM `AuthAssignment`
WHERE userid=:userid
in D:\GitHub\yii_1\trackstar\themes\new\views\layouts\main_p.php (38)
in D:\GitHub\yii_1\trackstar\themes\new\views\layouts\column2_p.php (22)
in D:\GitHub\yii_1\trackstar\protected\controllers\ProjectController.php (183)
2014/07/10 17:08:53 [trace] [system.db.CDbCommand] Querying SQL: SELECT *
FROM `AuthItem`
WHERE name=:name
in D:\GitHub\yii_1\trackstar\themes\new\views\layouts\main_p.php (38)
in D:\GitHub\yii_1\trackstar\themes\new\views\layouts\column2_p.php (22)
in D:\GitHub\yii_1\trackstar\protected\controllers\ProjectController.php (183)
2014/07/10 17:08:53 [trace] [system.web.auth.CDbAuthManager] Checking permission "admin"
in D:\GitHub\yii_1\trackstar\themes\new\views\layouts\main_p.php (38)
in D:\GitHub\yii_1\trackstar\themes\new\views\layouts\column2_p.php (22)
in D:\GitHub\yii_1\trackstar\protected\controllers\ProjectController.php (183)
2014/07/10 17:08:53 [trace] [system.db.CDbCommand] Querying SQL: SELECT `parent`
FROM `AuthItemChild`
WHERE child=:name
in D:\GitHub\yii_1\trackstar\themes\new\views\layouts\main_p.php (38)
in D:\GitHub\yii_1\trackstar\themes\new\views\layouts\column2_p.php (22)
in D:\GitHub\yii_1\trackstar\protected\controllers\ProjectController.php (183)
